Using pre-set license
Built from '2022.3/staging' branch; Version is '2022.3.42f1 (2dcb6a0abc42) revision 3001194'; Using compiler version '192829333'; Build Type 'Release'
OS: 'Windows 10  (10.0.19045) 64bit Core' Language: 'en' Physical Memory: 16166 MB
BatchMode: 1, IsHumanControllingUs: 0, StartBugReporterOnCrash: 0, Is64bit: 1, IsPro: 1

COMMAND LINE ARGUMENTS:
C:\Program Files\Unity\Hub\Editor\2022.3.42f1\Editor\Unity.exe
-adb2
-batchMode
-noUpm
-name
AssetImportWorker1
-projectPath
C:/Users/corba/Documents/College/Intermediate Game Development/MAGD372Assignments/MAGD 372 Assignments Project
-logFile
Logs/AssetImportWorker1.log
-srvPort
57382
Successfully changed project path to: C:/Users/corba/Documents/College/Intermediate Game Development/MAGD372Assignments/MAGD 372 Assignments Project
C:/Users/corba/Documents/College/Intermediate Game Development/MAGD372Assignments/MAGD 372 Assignments Project
[UnityMemory] Configuration Parameters - Can be set up in boot.config
    "memorysetup-bucket-allocator-granularity=16"
    "memorysetup-bucket-allocator-bucket-count=8"
    "memorysetup-bucket-allocator-block-size=33554432"
    "memorysetup-bucket-allocator-block-count=8"
    "memorysetup-main-allocator-block-size=16777216"
    "memorysetup-thread-allocator-block-size=16777216"
    "memorysetup-gfx-main-allocator-block-size=16777216"
    "memorysetup-gfx-thread-allocator-block-size=16777216"
    "memorysetup-cache-allocator-block-size=4194304"
    "memorysetup-typetree-allocator-block-size=2097152"
    "memorysetup-profiler-bucket-allocator-granularity=16"
    "memorysetup-profiler-bucket-allocator-bucket-count=8"
    "memorysetup-profiler-bucket-allocator-block-size=33554432"
    "memorysetup-profiler-bucket-allocator-block-count=8"
    "memorysetup-profiler-allocator-block-size=16777216"
    "memorysetup-profiler-editor-allocator-block-size=1048576"
    "memorysetup-temp-allocator-size-main=16777216"
    "memorysetup-job-temp-allocator-block-size=2097152"
    "memorysetup-job-temp-allocator-block-size-background=1048576"
    "memorysetup-job-temp-allocator-reduction-small-platforms=262144"
    "memorysetup-allocator-temp-initial-block-size-main=262144"
    "memorysetup-allocator-temp-initial-block-size-worker=262144"
    "memorysetup-temp-allocator-size-background-worker=32768"
    "memorysetup-temp-allocator-size-job-worker=262144"
    "memorysetup-temp-allocator-size-preload-manager=33554432"
    "memorysetup-temp-allocator-size-nav-mesh-worker=65536"
    "memorysetup-temp-allocator-size-audio-worker=65536"
    "memorysetup-temp-allocator-size-cloud-worker=32768"
    "memorysetup-temp-allocator-size-gi-baking-worker=262144"
    "memorysetup-temp-allocator-size-gfx=262144"
Player connection [65032]  Target information:

Player connection [65032]  * "[IP] 172.22.47.162 [Port] 0 [Flags] 2 [Guid] 1184176138 [EditorId] 1184176138 [Version] 1048832 [Id] WindowsEditor(7,Saturn) [Debug] 1 [PackageName] WindowsEditor [ProjectName] Editor" 

Player connection [65032] Host joined multi-casting on [225.0.0.222:54997]...
Player connection [65032] Host joined alternative multi-casting on [225.0.0.222:34997]...
[PhysX] Initialized MultithreadedTaskDispatcher with 12 workers.
Refreshing native plugins compatible for Editor in 15.00 ms, found 3 plugins.
Preloading 0 native plugins for Editor in 0.00 ms.
Initialize engine version: 2022.3.42f1 (2dcb6a0abc42)
[Subsystems] Discovering subsystems at path C:/Program Files/Unity/Hub/Editor/2022.3.42f1/Editor/Data/Resources/UnitySubsystems
[Subsystems] Discovering subsystems at path C:/Users/corba/Documents/College/Intermediate Game Development/MAGD372Assignments/MAGD 372 Assignments Project/Assets
GfxDevice: creating device client; threaded=0; jobified=0
Direct3D:
    Version:  Direct3D 11.0 [level 11.1]
    Renderer: NVIDIA GeForce GTX 1660 Ti (ID=0x2191)
    Vendor:   NVIDIA
    VRAM:     5966 MB
    Driver:   32.0.15.6070
Initialize mono
Mono path[0] = 'C:/Program Files/Unity/Hub/Editor/2022.3.42f1/Editor/Data/Managed'
Mono path[1] = 'C:/Program Files/Unity/Hub/Editor/2022.3.42f1/Editor/Data/MonoBleedingEdge/lib/mono/unityjit-win32'
Mono config path = 'C:/Program Files/Unity/Hub/Editor/2022.3.42f1/Editor/Data/MonoBleedingEdge/etc'
Using monoOptions --debugger-agent=transport=dt_socket,embedding=1,server=y,suspend=n,address=127.0.0.1:56544
Begin MonoManager ReloadAssembly
Registering precompiled unity dll's ...
Register platform support module: C:/Program Files/Unity/Hub/Editor/2022.3.42f1/Editor/Data/PlaybackEngines/WindowsStandaloneSupport/UnityEditor.WindowsStandalone.Extensions.dll
Registered in 0.012408 seconds.
- Loaded All Assemblies, in  0.404 seconds
Native extension for WindowsStandalone target not found
Mono: successfully reloaded assembly
- Finished resetting the current domain, in  0.283 seconds
Domain Reload Profiling: 684ms
	BeginReloadAssembly (119ms)
		ExecutionOrderSort (0ms)
		DisableScriptedObjects (0ms)
		BackupInstance (0ms)
		ReleaseScriptingObjects (0ms)
		CreateAndSetChildDomain (1ms)
	RebuildCommonClasses (35ms)
	RebuildNativeTypeToScriptingClass (12ms)
	initialDomainReloadingComplete (68ms)
	LoadAllAssembliesAndSetupDomain (167ms)
		LoadAssemblies (115ms)
		RebuildTransferFunctionScriptingTraits (0ms)
		AnalyzeDomain (166ms)
			TypeCache.Refresh (164ms)
				TypeCache.ScanAssembly (150ms)
			ScanForSourceGeneratedMonoScriptInfo (0ms)
			ResolveRequiredComponents (0ms)
	FinalizeReload (283ms)
		ReleaseScriptCaches (0ms)
		RebuildScriptCaches (0ms)
		SetupLoadedEditorAssemblies (235ms)
			LogAssemblyErrors (0ms)
			InitializePlatformSupportModulesInManaged (11ms)
			SetLoadedEditorAssemblies (8ms)
			RefreshPlugins (0ms)
			BeforeProcessingInitializeOnLoad (2ms)
			ProcessInitializeOnLoadAttributes (163ms)
			ProcessInitializeOnLoadMethodAttributes (51ms)
			AfterProcessingInitializeOnLoad (0ms)
			EditorAssembliesLoaded (0ms)
		ExecutionOrderSort2 (0ms)
		AwakeInstancesAfterBackupRestoration (0ms)
========================================================================
Worker process is ready to serve import requests
Caller must complete domain reload
Begin MonoManager ReloadAssembly
- Loaded All Assemblies, in  0.929 seconds
Native extension for WindowsStandalone target not found
Package Manager log level set to [2]
[Package Manager] Server::EnsureServerProcessIsRunning -- launch failed, reason: Unity was launched with the -noUpm command-line argument
[Package Manager] UpmClient::Send -- Unable to send message (not connected to UPM process).
[Package Manager] Cannot connect to Unity Package Manager local server
Mono: successfully reloaded assembly
- Finished resetting the current domain, in  0.916 seconds
Domain Reload Profiling: 1838ms
	BeginReloadAssembly (155ms)
		ExecutionOrderSort (0ms)
		DisableScriptedObjects (5ms)
		BackupInstance (0ms)
		ReleaseScriptingObjects (0ms)
		CreateAndSetChildDomain (21ms)
	RebuildCommonClasses (36ms)
	RebuildNativeTypeToScriptingClass (15ms)
	initialDomainReloadingComplete (55ms)
	LoadAllAssembliesAndSetupDomain (661ms)
		LoadAssemblies (426ms)
		RebuildTransferFunctionScriptingTraits (0ms)
		AnalyzeDomain (326ms)
			TypeCache.Refresh (277ms)
				TypeCache.ScanAssembly (258ms)
			ScanForSourceGeneratedMonoScriptInfo (34ms)
			ResolveRequiredComponents (13ms)
	FinalizeReload (916ms)
		ReleaseScriptCaches (0ms)
		RebuildScriptCaches (0ms)
		SetupLoadedEditorAssemblies (697ms)
			LogAssemblyErrors (0ms)
			InitializePlatformSupportModulesInManaged (8ms)
			SetLoadedEditorAssemblies (7ms)
			RefreshPlugins (0ms)
			BeforeProcessingInitializeOnLoad (114ms)
			ProcessInitializeOnLoadAttributes (518ms)
			ProcessInitializeOnLoadMethodAttributes (41ms)
			AfterProcessingInitializeOnLoad (9ms)
			EditorAssembliesLoaded (0ms)
		ExecutionOrderSort2 (0ms)
		AwakeInstancesAfterBackupRestoration (6ms)
Launched and connected shader compiler UnityShaderCompiler.exe after 0.05 seconds
Refreshing native plugins compatible for Editor in 6.06 ms, found 3 plugins.
Preloading 0 native plugins for Editor in 0.00 ms.
Unloading 7180 Unused Serialized files (Serialized files now loaded: 0)
Unloading 172 unused Assets / (13.9 MB). Loaded Objects now: 7542.
Memory consumption went from 341.1 MB to 327.2 MB.
Total: 7.361300 ms (FindLiveObjects: 0.566800 ms CreateObjectMapping: 0.631100 ms MarkObjects: 3.290700 ms  DeleteObjects: 2.871800 ms)

AssetImportParameters requested are different than current active one (requested -> active):
  custom:container-demuxer-ogg: 62fdf1f143b41e24485cea50d1cbac27 -> 
  custom:framework-win-MediaFoundation: 216162199b28c13a410421893ffa2e32 -> 
  custom:container-muxer-webm: aa71ff27fc2769a1b78a27578f13a17b -> 
  custom:video-decoder-webm-vp8: 9c59270c3fd7afecdb556c50c9e8de78 -> 
  custom:SearchIndexIgnoredProperties: e643bd26f0fe6173181afceb89e7c659 -> 
  custom:AudioImporter_EditorPlatform: d09bf68614088b80899f8185d706f6e7 -> 
  custom:audio-decoder-ogg-vorbis: bf7c407c2cedff20999df2af8eb42d56 -> 
  custom:audio-encoder-webm-vorbis: bf7c407c2cedff20999df2af8eb42d56 -> 
  custom:video-codec-MediaFoundation-h265: 746d11721c4dcdbdad8f713fa42b33f4 -> 
  custom:video-decoder-ogg-theora: a1e56fd34408186e4bbccfd4996cb3dc -> 
  custom:CustomObjectIndexerAttribute: 72b91833f83ae208fae7752999fa3104 -> 
  custom:container-demuxer-webm: 4f35f7cbe854078d1ac9338744f61a02 -> 
  custom:video-encoder-webm-vp8: eb34c28f22e8b96e1ab97ce403110664 -> 
========================================================================
Received Import Request.
  Time since last request: 1643198.715058 seconds.
  path: Assets/Scenes/Level Design a.unity
  artifactKey: Guid(bc4c19e8139c1fd408dc87c9df95ddba) Importer(815301076,1909f56bfc062723c751e8b465ee728b)
Start importing Assets/Scenes/Level Design a.unity using Guid(bc4c19e8139c1fd408dc87c9df95ddba) Importer(815301076,1909f56bfc062723c751e8b465ee728b) [PhysX] Initialized MultithreadedTaskDispatcher with 12 workers.
 -> (artifact id: 'f9dcdd6004b3c2e6c9c77d84d2ce3188') in 0.002231 seconds
Number of updated asset objects reloaded before import = 0
Number of asset objects unloaded after import = 0
========================================================================
Received Prepare
Caller must complete domain reload
Begin MonoManager ReloadAssembly
- Loaded All Assemblies, in  1.327 seconds
Native extension for WindowsStandalone target not found
[Package Manager] Server::EnsureServerProcessIsRunning -- launch failed, reason: Unity was launched with the -noUpm command-line argument
[Package Manager] UpmClient::Send -- Unable to send message (not connected to UPM process).
[Package Manager] Cannot connect to Unity Package Manager local server
Mono: successfully reloaded assembly
- Finished resetting the current domain, in 27.280 seconds
Domain Reload Profiling: 28600ms
	BeginReloadAssembly (523ms)
		ExecutionOrderSort (0ms)
		DisableScriptedObjects (23ms)
		BackupInstance (0ms)
		ReleaseScriptingObjects (0ms)
		CreateAndSetChildDomain (222ms)
	RebuildCommonClasses (46ms)
	RebuildNativeTypeToScriptingClass (13ms)
	initialDomainReloadingComplete (44ms)
	LoadAllAssembliesAndSetupDomain (692ms)
		LoadAssemblies (712ms)
		RebuildTransferFunctionScriptingTraits (0ms)
		AnalyzeDomain (116ms)
			TypeCache.Refresh (22ms)
				TypeCache.ScanAssembly (1ms)
			ScanForSourceGeneratedMonoScriptInfo (75ms)
			ResolveRequiredComponents (17ms)
	FinalizeReload (27281ms)
		ReleaseScriptCaches (0ms)
		RebuildScriptCaches (0ms)
		SetupLoadedEditorAssemblies (821ms)
			LogAssemblyErrors (0ms)
			InitializePlatformSupportModulesInManaged (11ms)
			SetLoadedEditorAssemblies (8ms)
			RefreshPlugins (0ms)
			BeforeProcessingInitializeOnLoad (146ms)
			ProcessInitializeOnLoadAttributes (592ms)
			ProcessInitializeOnLoadMethodAttributes (49ms)
			AfterProcessingInitializeOnLoad (15ms)
			EditorAssembliesLoaded (0ms)
		ExecutionOrderSort2 (0ms)
		AwakeInstancesAfterBackupRestoration (9ms)
Refreshing native plugins compatible for Editor in 10.31 ms, found 3 plugins.
Preloading 0 native plugins for Editor in 0.00 ms.
Unloading 6975 Unused Serialized files (Serialized files now loaded: 0)
Unloading 156 unused Assets / (13.8 MB). Loaded Objects now: 7599.
Memory consumption went from 282.2 MB to 268.4 MB.
Total: 9.825400 ms (FindLiveObjects: 0.630400 ms CreateObjectMapping: 0.718600 ms MarkObjects: 5.000900 ms  DeleteObjects: 3.473800 ms)

Prepare: number of updated asset objects reloaded= 0
AssetImportParameters requested are different than current active one (requested -> active):
  custom:container-demuxer-ogg: 62fdf1f143b41e24485cea50d1cbac27 -> 
  custom:scripting/monoscript/fileName/Barrel_Control_CS.cs: a138088d9e73d32045a908016758e2b3 -> 
  custom:scripting/monoscript/fileName/Damage_Control_CS.cs: 3e8945df66c1c4291048269e7f54f229 -> 
  custom:framework-win-MediaFoundation: 216162199b28c13a410421893ffa2e32 -> 
  custom:scripting/monoscript/fileName/Aiming_Control_Input_00_Base_CS.cs: af0ae23a7767fa7fbc8cd1d82c094c7d -> 
  custom:scripting/monoscript/fileName/Cannon_Control_CS.cs: 6166caea1fe5b15b665df4c97b927535 -> 
  custom:scripting/monoscript/fileName/Break_Object_CS.cs: 3dcf4ef260af7979436d9580c0767b2e -> 
  custom:scripting/monoscript/fileName/Fire_Control_Input_00_Base_CS.cs: 4b82d13bc7f737b4f8e50388813e2be9 -> 
  custom:scripting/monoscript/fileName/Wheel_Control_Input_00_Base_CS.cs: 7b2f6fdb5e42158903f88a9f4229c965 -> 
  custom:scripting/monoscript/fileName/Wheel_Control_Input_02_Mobile_CS.cs: 2104022b4a8ab53954fd478ae953e541 -> 
  custom:scripting/monoscript/fileName/GunCamera_Control_Input_01_Desktop_CS.cs: 951f4b3e6f37a4ebdc90f757280b5eaa -> 
  custom:scripting/monoscript/fileName/Track_Deform_CS.cs: b2b1ede2490294f36395882e5896f3d0 -> 
  custom:scripting/monoscript/fileName/Camera_Zoom_Input_01_Desktop_CS.cs: 3b0a1b6d5d45e056f3c8474e5c2d493e -> 
  custom:scripting/monoscript/fileName/Layer_Settings_CS.cs: f6182dd50110a22ac254bb4f6573b554 -> 
  custom:scripting/monoscript/fileName/Wheel_Control_Input_01_Desktop_CS.cs: 047bb5d5c4461653375a60a4a719cdba -> 
  custom:scripting/monoscript/fileName/Camera_Manager_CS.cs: 8e5c0625e1e13c58dd21da13f05c20f2 -> 
  custom:scripting/monoscript/fileName/GunCamera_Control_Input_02_Mobile_CS.cs: 555d216ad24127d625a397e2171e521c -> 
  custom:container-muxer-webm: aa71ff27fc2769a1b78a27578f13a17b -> 
  custom:scripting/monoscript/fileName/Aiming_Control_CS.cs: a7e2350d70128b5f69f1b2be5e10854d -> 
  custom:video-decoder-webm-vp8: 9c59270c3fd7afecdb556c50c9e8de78 -> 
  custom:scripting/monoscript/fileName/Camera_Zoom_Input_00_Base_CS.cs: 8327abaa2b94bdfffc11210e63ff0565 -> 
  custom:SearchIndexIgnoredProperties: e643bd26f0fe6173181afceb89e7c659 -> 
  custom:AudioImporter_EditorPlatform: d09bf68614088b80899f8185d706f6e7 -> 
  custom:scripting/monoscript/fileName/Delete_Timer_CS.cs: 2a48e915f13fcaba4ab4a93e195fa32a -> 
  custom:scripting/monoscript/fileName/Armor_Collider_CS.cs: 601c7e4aac2e528a0a0f5fd15bd42b08 -> 
  custom:scripting/monoscript/fileName/ID_Control_CS.cs: 1199a5ea7e30662cac18bb567ac9ccc1 -> 
  custom:scripting/monoscript/fileName/Turret_Control_CS.cs: 303dd5b2f0898a03d6a62014e12579d2 -> 
  custom:scripting/monoscript/fileName/Key_Bindings_CS.cs: 13e426311bc039a5a2bd1453633f9f0d -> 
  custom:scripting/monoscript/fileName/Fire_Control_CS.cs: de3682b2ceea50f00ca744a176db9e5c -> 
  custom:audio-decoder-ogg-vorbis: bf7c407c2cedff20999df2af8eb42d56 -> 
  custom:scripting/monoscript/fileName/Wheel_Rotate_CS.cs: 0a58857fe59d335378ef79cd0d6dd2fa -> 
  custom:scripting/monoscript/fileName/Fire_Control_Input_01_Desktop_CS.cs: 4e6e03f1a35513220e9dc8791adf3dcf -> 
  custom:audio-encoder-webm-vorbis: bf7c407c2cedff20999df2af8eb42d56 -> 
  custom:scripting/precompiled-assembly-types:Assembly-CSharp-Editor: 835a94255643409c25eb8f1df6f1190d -> 
  custom:scripting/monoscript/fileName/Camera_Rotate_Input_02_Mobile_CS.cs: 9ad4053cd6d2bbf81804242b2e1d1ac5 -> 
  custom:scripting/monoscript/fileName/Wheel_Control_CS.cs: 9021b2336b397c5e34176758ba6a45bc -> 
  custom:scripting/monoscript/fileName/Camera_Rotate_Input_88_Demo_CS.cs: 3cdc7c191603ca2839dee941549c6241 -> 
  custom:scripting/monoscript/fileName/GunCamera_Control_CS.cs: 9d234096091545c70131f7a64c0577f5 -> 
  custom:scripting/precompiled-assembly-types:Assembly-CSharp: ee10b4a55cf6480d23248be7fb65354c -> fbbf0d1bfc41d898ff4a042935a6d1b7
  custom:scripting/monoscript/fileName/Damage_Display_CS.cs: a6319d9130f27513e87bd1bc4985b324 -> 
  custom:scripting/monoscript/fileName/General_Settings_CS.cs: 9f4780c944e2156665f4dc1744f8743d -> 
  custom:scripting/monoscript/fileName/Wheel_Sync_CS.cs: dd156605ec8240838eea69e861cf2c7d -> 
  custom:scripting/monoscript/fileName/Track_Scroll_CSEditor.cs: 10320588588da6470d5b83d75b9f04a6 -> 
  custom:video-codec-MediaFoundation-h265: 746d11721c4dcdbdad8f713fa42b33f4 -> 
  custom:scripting/monoscript/fileName/GunCamera_Control_Input_00_Base_CS.cs: d6df393a222360888c528b0b9804584c -> 
  custom:scripting/monoscript/fileName/Fire_Control_Input_02_Mobile_CS.cs: 76b7fbc1bbb6cadb012816d0e3d6b7e8 -> 
  custom:scripting/monoscript/fileName/Aiming_Control_Input_01_Desktop_CS.cs: d4a286d9e9e0d0c3829fe433c8a5bc4b -> 
  custom:video-decoder-ogg-theora: a1e56fd34408186e4bbccfd4996cb3dc -> 
  custom:scripting/monoscript/fileName/Extra_Collider_CS.cs: 79635f8ef9975747863e54f1b75a9e66 -> 
  custom:scripting/monoscript/fileName/Aiming_Control_Input_02_Mobile_CS.cs: 6128ff643033b5b2c268e078b68b2d83 -> 
  custom:scripting/monoscript/fileName/Camera_Rotate_Input_00_Base_CS.cs: 24606d3ed232be1a6cc8019538984de9 -> 
  custom:CustomObjectIndexerAttribute: 72b91833f83ae208fae7752999fa3104 -> 
  custom:scripting/monoscript/fileName/Camera_Rotate_CS.cs: 2e5c89c6fc719f2320d50136a045da20 -> 
  custom:container-demuxer-webm: 4f35f7cbe854078d1ac9338744f61a02 -> 
  custom:scripting/monoscript/fileName/AimMarker_Control_CS.cs: 951c72682a5b815fd1ad9984f78da7ec -> 
  custom:scripting/monoscript/fileName/Game_Controller_CS.cs: 331323969d6964cd77c36d3ac80b9c21 -> 
  custom:scripting/monoscript/fileName/Touch_Pad_Event_Listener_CS.cs: 5f5511965d5dba371b8bba1decd6486b -> 
  custom:scripting/monoscript/fileName/Bullet_Nav_CS.cs: 8d0fa44ab7911a23066871bcacb9aaa0 -> 
  custom:scripting/monoscript/fileName/Track_Scroll_CS.cs: 7df96f925bae58800cc2a0fd8ffa2464 -> 
  custom:scripting/monoscript/fileName/Camera_Avoid_Obstacle_CS.cs: 57bb503d0630608746ac472b2e105ae7 -> 
  custom:scripting/monoscript/fileName/MainBody_Settings_CS.cs: 84b7b38a8adf887de6abc57f58588cf4 -> 
  custom:scripting/monoscript/fileName/Fire_Spawn_CS.cs: 966a6fc06421b272333d77ad269fb9a8 -> 
  custom:scripting/monoscript/fileName/Turret_Finishing_CS.cs: 6548e4c11cc14dc9071da9020e45f6a4 -> 
  custom:video-encoder-webm-vp8: eb34c28f22e8b96e1ab97ce403110664 -> 
  custom:scripting/monoscript/fileName/SE_Control_CS.cs: 9889e273fcf178e6bc65d34ad4dd5da5 -> 
  custom:scripting/monoscript/fileName/Camera_Rotate_Input_01_Desktop_CS.cs: c5a178a7730ad96334bf50c0a994d634 -> 
  custom:scripting/monoscript/fileName/Camera_Zoom_Input_02_Mobile_CS.cs: 1201bc21892b45e61dd88d34931f00cd -> 
  custom:scripting/monoscript/fileName/Camera_Zoom_CS.cs: 92bbee77a613e9374615f6d6a8507089 -> 
  custom:scripting/monoscript/fileName/Track_Deform_CSEditor.cs: b272dff27b8893ef0ac365a7aeff3ce0 -> 
========================================================================
Received Import Request.
  Time since last request: 2215.984076 seconds.
  path: Assets/Kawaii_Tanks_Project (Free)/Prefabs/Scene_Components/Camera_Manager.prefab
  artifactKey: Guid(e002b9de4290e0a4ea8fc2d05296e266) Importer(815301076,1909f56bfc062723c751e8b465ee728b)
Start importing Assets/Kawaii_Tanks_Project (Free)/Prefabs/Scene_Components/Camera_Manager.prefab using Guid(e002b9de4290e0a4ea8fc2d05296e266) Importer(815301076,1909f56bfc062723c751e8b465ee728b) [PhysX] Initialized MultithreadedTaskDispatcher with 12 workers.
 -> (artifact id: 'cc576b8dfd0f2cb56f2b8794da476c7e') in 0.050097 seconds
Number of updated asset objects reloaded before import = 0
Number of asset objects unloaded after import = 15
========================================================================
Received Import Request.
  Time since last request: 0.000024 seconds.
  path: Assets/Kawaii_Tanks_Project (Free)/Prefabs/Scene_Components/Text_Damage.prefab
  artifactKey: Guid(14e15a8878973664593b9aa0db462273) Importer(815301076,1909f56bfc062723c751e8b465ee728b)
Start importing Assets/Kawaii_Tanks_Project (Free)/Prefabs/Scene_Components/Text_Damage.prefab using Guid(14e15a8878973664593b9aa0db462273) Importer(815301076,1909f56bfc062723c751e8b465ee728b) [PhysX] Initialized MultithreadedTaskDispatcher with 12 workers.
 -> (artifact id: '461e4c9850f5a3cb7234a530cb4e961a') in 0.000897 seconds
Number of updated asset objects reloaded before import = 0
Number of asset objects unloaded after import = 0
Editor requested this worker to shutdown with reason: Scaling down because of idle timeout
TcpMessagingSession - receive error: operation aborted. errorcode: 995, details: The I/O operation has been aborted because of either a thread exit or an application request.
AssetImportWorker is now disconnected from the server
Process exiting
Exiting without the bug reporter. Application will terminate with return code 0